<?xml version="1.0" encoding="UTF-8"?>
<robot generator="Robot 6.0.2 (Python 3.10.6 on linux)" generated="20230413 09:59:50.212" rpa="false" schemaversion="3">
<suite id="s1" name="Test" source="/home/phaggard/testing_and_QA/bmi_testing/tests/test.robot">
<test id="s1-t1" name="Example Test" line="9">
<kw name="Open Browser" library="SeleniumLibrary">
<arg>${URL}</arg>
<arg>${BROWSER}</arg>
<doc>Opens a new browser instance to the optional ``url``.</doc>
<msg timestamp="20230413 09:59:50.325" level="INFO">Opening browser 'chrome' to base url 'http://localhost:5000/'.</msg>
<msg timestamp="20230413 09:59:51.722" level="INFO" html="true">&lt;/td&gt;&lt;/tr&gt;&lt;tr&gt;&lt;td colspan="3"&gt;&lt;a href="selenium-screenshot-3.png"&gt;&lt;img src="selenium-screenshot-3.png" width="800px"&gt;&lt;/a&gt;</msg>
<msg timestamp="20230413 09:59:51.722" level="FAIL">WebDriverException: Message: unknown error: net::ERR_CONNECTION_REFUSED
  (Session info: chrome=111.0.5563.64)
Stacktrace:
#0 0x556729b36243 &lt;unknown&gt;
#1 0x5567298fa7a6 &lt;unknown&gt;
#2 0x5567298f2728 &lt;unknown&gt;
#3 0x5567298e5772 &lt;unknown&gt;
#4 0x5567298e6e82 &lt;unknown&gt;
#5 0x5567298e5b3a &lt;unknown&gt;
#6 0x5567298e4bf8 &lt;unknown&gt;
#7 0x5567298e4a30 &lt;unknown&gt;
#8 0x5567298e3508 &lt;unknown&gt;
#9 0x5567298e3b3d &lt;unknown&gt;
#10 0x5567298fc596 &lt;unknown&gt;
#11 0x556729970fc5 &lt;unknown&gt;
#12 0x556729958082 &lt;unknown&gt;
#13 0x556729970932 &lt;unknown&gt;
#14 0x556729957e53 &lt;unknown&gt;
#15 0x55672992a9ea &lt;unknown&gt;
#16 0x55672992bb2e &lt;unknown&gt;
#17 0x556729b8ad5e &lt;unknown&gt;
#18 0x556729b8ea80 &lt;unknown&gt;
#19 0x556729b708b0 &lt;unknown&gt;
#20 0x556729b8fb63 &lt;unknown&gt;
#21 0x556729b61f75 &lt;unknown&gt;
#22 0x556729bb2998 &lt;unknown&gt;
#23 0x556729bb2b27 &lt;unknown&gt;
#24 0x556729bcdc23 &lt;unknown&gt;
#25 0x7fef86deeb43 &lt;unknown&gt;
</msg>
<status status="FAIL" starttime="20230413 09:59:50.325" endtime="20230413 09:59:51.725"/>
</kw>
<kw name="Page Should Contain Textfield" library="SeleniumLibrary">
<arg>weight</arg>
<doc>Verifies text field ``locator`` is found from current page.</doc>
<status status="NOT RUN" starttime="20230413 09:59:51.725" endtime="20230413 09:59:51.725"/>
</kw>
<kw name="Click Element" library="SeleniumLibrary">
<arg>weight</arg>
<doc>Click the element identified by ``locator``.</doc>
<status status="NOT RUN" starttime="20230413 09:59:51.725" endtime="20230413 09:59:51.725"/>
</kw>
<kw name="Input Text" library="SeleniumLibrary">
<arg>weight</arg>
<arg>150</arg>
<doc>Types the given ``text`` into the text field identified by ``locator``.</doc>
<status status="NOT RUN" starttime="20230413 09:59:51.726" endtime="20230413 09:59:51.726"/>
</kw>
<kw name="Page Should Contain Textfield" library="SeleniumLibrary">
<arg>height</arg>
<doc>Verifies text field ``locator`` is found from current page.</doc>
<status status="NOT RUN" starttime="20230413 09:59:51.726" endtime="20230413 09:59:51.726"/>
</kw>
<kw name="Click Element" library="SeleniumLibrary">
<arg>height</arg>
<doc>Click the element identified by ``locator``.</doc>
<status status="NOT RUN" starttime="20230413 09:59:51.726" endtime="20230413 09:59:51.726"/>
</kw>
<kw name="Input Text" library="SeleniumLibrary">
<arg>height</arg>
<arg>60</arg>
<doc>Types the given ``text`` into the text field identified by ``locator``.</doc>
<status status="NOT RUN" starttime="20230413 09:59:51.726" endtime="20230413 09:59:51.726"/>
</kw>
<kw name="Page Should Contain Button" library="SeleniumLibrary">
<arg>Calculate BMI</arg>
<doc>Verifies button ``locator`` is found from current page.</doc>
<status status="NOT RUN" starttime="20230413 09:59:51.726" endtime="20230413 09:59:51.726"/>
</kw>
<kw name="Click Button" library="SeleniumLibrary">
<arg>Calculate BMI</arg>
<doc>Clicks the button identified by ``locator``.</doc>
<status status="NOT RUN" starttime="20230413 09:59:51.726" endtime="20230413 09:59:51.726"/>
</kw>
<kw name="Page Should Contain" library="SeleniumLibrary">
<arg>Obese</arg>
<doc>Verifies that current page contains ``text``.</doc>
<status status="NOT RUN" starttime="20230413 09:59:51.726" endtime="20230413 09:59:51.726"/>
</kw>
<kw name="Close Browser" library="SeleniumLibrary">
<doc>Closes the current browser.</doc>
<status status="NOT RUN" starttime="20230413 09:59:51.726" endtime="20230413 09:59:51.726"/>
</kw>
<status status="FAIL" starttime="20230413 09:59:50.324" endtime="20230413 09:59:51.727">WebDriverException: Message: unknown error: net::ERR_CONNECTION_REFUSED
  (Session info: chrome=111.0.5563.64)
Stacktrace:
#0 0x556729b36243 &lt;unknown&gt;
#1 0x5567298fa7a6 &lt;unknown&gt;
#2 0x5567298f2728 &lt;unknown&gt;
#3 0x5567298e5772 &lt;unknown&gt;
#4 0x5567298e6e82 &lt;unknown&gt;
#5 0x5567298e5b3a &lt;unknown&gt;
#6 0x5567298e4bf8 &lt;unknown&gt;
#7 0x5567298e4a30 &lt;unknown&gt;
#8 0x5567298e3508 &lt;unknown&gt;
#9 0x5567298e3b3d &lt;unknown&gt;
#10 0x5567298fc596 &lt;unknown&gt;
#11 0x556729970fc5 &lt;unknown&gt;
#12 0x556729958082 &lt;unknown&gt;
#13 0x556729970932 &lt;unknown&gt;
#14 0x556729957e53 &lt;unknown&gt;
#15 0x55672992a9ea &lt;unknown&gt;
#16 0x55672992bb2e &lt;unknown&gt;
#17 0x556729b8ad5e &lt;unknown&gt;
#18 0x556729b8ea80 &lt;unknown&gt;
#19 0x556729b708b0 &lt;unknown&gt;
#20 0x556729b8fb63 &lt;unknown&gt;
#21 0x556729b61f75 &lt;unknown&gt;
#22 0x556729bb2998 &lt;unknown&gt;
#23 0x556729bb2b27 &lt;unknown&gt;
#24 0x556729bcdc23 &lt;unknown&gt;
#25 0x7fef86deeb43 &lt;unknown&gt;
</status>
</test>
<status status="FAIL" starttime="20230413 09:59:50.213" endtime="20230413 09:59:51.728"/>
</suite>
<statistics>
<total>
<stat pass="0" fail="1" skip="0">All Tests</stat>
</total>
<tag>
</tag>
<suite>
<stat pass="0" fail="1" skip="0" id="s1" name="Test">Test</stat>
</suite>
</statistics>
<errors>
</errors>
</robot>
